Arguments: 
  C:\Program Files\nodejs\node.exe C:\Users\luke-\.node\corepack\yarn\1.22.19\bin\yarn.js add -D eslint-plugin-react@latest @typescript-eslint/eslint-plugin@latest @typescript-eslint/parser@latest

PATH: 
  C:\Users\luke-\OneDrive\Documentos\Facul\tcc updated\project\code\TypeP\node_modules\.bin;C:\Users\luke-\OneDrive\Documentos\Facul\tcc updated\project\code\node_modules\.bin;C:\Users\luke-\OneDrive\Documentos\Facul\tcc updated\project\node_modules\.bin;C:\Users\luke-\OneDrive\Documentos\Facul\tcc updated\node_modules\.bin;C:\Users\luke-\OneDrive\Documentos\Facul\node_modules\.bin;C:\Users\luke-\OneDrive\Documentos\node_modules\.bin;C:\Users\luke-\OneDrive\node_modules\.bin;C:\Users\luke-\node_modules\.bin;C:\Users\node_modules\.bin;C:\node_modules\.bin;C:\Program Files\nodejs\node_modules\npm\node_modules\@npmcli\run-script\lib\node-gyp-bin;C:\Program Files\Common Files\Oracle\Java\javapath;C:\Program Files (x86)\Common Files\Oracle\Java\javapath;C:\Python310\Scripts\;C:\Python310\;C:\Program Files (x86)\Intel\Intel(R) Management Engine Components\iCLS\;C:\Program Files\Intel\Intel(R) Management Engine Components\iCLS\;C:\windows\system32;C:\windows;C:\windows\System32\Wbem;C:\windows\System32\WindowsPowerShell\v1.0\;C:\windows\System32\OpenSSH\;C:\Program Files (x86)\NVIDIA Corporation\PhysX\Common;C:\Program Files (x86)\Intel\Intel(R) Management Engine Components\DAL;C:\Program Files\Intel\Intel(R) Management Engine Components\DAL;C:\Program Files (x86)\Intel\Intel(R) Management Engine Components\IPT;C:\Program Files\Intel\Intel(R) Management Engine Components\IPT;C:\WINDOWS\system32;C:\WINDOWS;C:\WINDOWS\System32\Wbem;C:\WINDOWS\System32\WindowsPowerShell\v1.0\;C:\WINDOWS\System32\OpenSSH\;C:\ProgramData\chocolatey\bin;C:\Program Files\nodejs\;C:\Program Files\Docker\Docker\resources\bin;C:\ProgramData\DockerDesktop\version-bin;C:\Program Files\Git\cmd;C:\Program Files\Java\jdk-18.0.2.1\bin;C:\Users\luke-\AppData\Local\Microsoft\WindowsApps;;C:\Users\luke-\AppData\Local\Programs\Microsoft VS Code\bin;C:\Users\luke-\AppData\Roaming\npm;C:\Users\luke-\AppData\Local\npm-cache\_npx\7ef27be80482e586\node_modules\.bin

Yarn version: 
  1.22.19

Node version: 
  16.17.0

Platform: 
  win32 x64

Trace: 
  Error: https://registry.yarnpkg.com/setprototypeof/-/setprototypeof-1.1.1.tgz: Request failed "503 Service Unavailable"
      at ResponseError.ExtendableBuiltin (C:\Users\luke-\.node\corepack\yarn\1.22.19\lib\cli.js:696:66)
      at new ResponseError (C:\Users\luke-\.node\corepack\yarn\1.22.19\lib\cli.js:802:124)
      at Request.<anonymous> (C:\Users\luke-\.node\corepack\yarn\1.22.19\lib\cli.js:66215:16)
      at Request.emit (node:events:513:28)
      at Request.module.exports.Request.onRequestResponse (C:\Users\luke-\.node\corepack\yarn\1.22.19\lib\cli.js:141767:10)
      at ClientRequest.emit (node:events:513:28)
      at HTTPParser.parserOnIncomingClient [as onIncoming] (node:_http_client:674:27)
      at HTTPParser.parserOnHeadersComplete (node:_http_common:128:17)
      at HTTPParser.execute (<anonymous>)
      at TLSSocket.socketOnData (node:_http_client:521:22)

npm manifest: 
  {
    "name": "typep",
    "version": "1.0.0",
    "main": "node_modules/expo/AppEntry.js",
    "scripts": {
      "start": "expo start",
      "android": "expo start --android",
      "ios": "expo start --ios",
      "web": "expo start --web"
    },
    "dependencies": {
      "expo": "~46.0.9",
      "expo-status-bar": "~1.4.0",
      "react": "18.0.0",
      "react-dom": "18.0.0",
      "react-native": "0.69.5",
      "react-native-web": "~0.18.7"
    },
    "devDependencies": {
      "@babel/core": "^7.12.9",
      "@types/react": "~18.0.14",
      "@types/react-native": "~0.69.1",
      "@typescript-eslint/eslint-plugin": "^5.37.0",
      "@typescript-eslint/parser": "^5.37.0",
      "eslint": "^8.23.1",
      "eslint-plugin-react": "^7.31.8",
      "typescript": "~4.3.5"
    },
    "private": true
  }

yarn manifest: 
  No manifest

Lockfile: 
  No lockfile
